--- Telegram Scrape Report ---
Timestamp: 2026-03-04 16:33:07
Total Channels: 92
Successful Scrapes: 39
Failed Scrapes: 0

--- Channels with Found Configs ---
freakconfig: 70 configs
sockss_http: 70 configs
config_dooni: 70 configs
GalaxyMVPN: 70 configs
masterserver1: 62 configs
bored_vpn: 55 configs
v2ngfast: 45 configs
azarbayjab1: 43 configs
anty_filter: 38 configs
itenvpn: 37 configs
WedBaZtel: 34 configs
Greenvpn2: 33 configs
ConfigPixelArt: 20 configs
Farah_VPN: 20 configs
WarV2Ray: 17 configs
v2ray_god: 14 configs
DALTON_PING: 9 configs
dalton_ping: 9 configs
v2ray_configs_pool: 9 configs
arv2ray: 8 configs
capoit: 8 configs
mcv2rayng: 8 configs
expressvpn_420: 6 configs
antimeli: 5 configs
spikevpn: 5 configs
v2rayyngvpn: 5 configs
fnet00: 4 configs
vpnod: 3 configs
Movie_Centrall: 3 configs
v2ray_rolly: 2 configs
v2ra_config: 2 configs
ConfigX2ray: 2 configs
colsvpn: 1 configs
configx2ray: 1 configs
ineronix: 1 configs
lexernet: 1 configs
skivpn: 1 configs
tehranargo: 1 configs
v2raymelliii: 1 configs

--- Failed Channels ---
